Arguments: 
  /data/data/com.termux/files/usr/bin/node /data/data/com.termux/files/usr/share/yarn/bin/yarn.js add @tauri-apps/ap

PATH: 
  /data/data/com.termux/files/usr/bin:/data/data/com.termux/files/usr/opt/emscripten

Yarn version: 
  1.22.19

Node version: 
  18.7.0

Platform: 
  android arm64

Trace: 
  Error: https://registry.yarnpkg.com/@tauri-apps%2fap: Not found
      at params.callback [as _callback] (/data/data/com.termux/files/usr/share/yarn/lib/cli.js:66145:18)
      at self.callback (/data/data/com.termux/files/usr/share/yarn/lib/cli.js:140890:22)
      at Request.emit (node:events:513:28)
      at Request.<anonymous> (/data/data/com.termux/files/usr/share/yarn/lib/cli.js:141862:10)
      at Request.emit (node:events:513:28)
      at IncomingMessage.<anonymous> (/data/data/com.termux/files/usr/share/yarn/lib/cli.js:141784:12)
      at Object.onceWrapper (node:events:627:28)
      at IncomingMessage.emit (node:events:525:35)
      at endReadableNT (node:internal/streams/readable:1359:12)
      at process.processTicksAndRejections (node:internal/process/task_queues:82:21)

npm manifest: 
  {
    "name": "social-icons",
    "version": "0.0.1",
    "private": true,
    "dependencies": {
      "@mui/icons-material": "^5.10.3",
      "@mui/material": "^5.10.5"
    }
  }

yarn manifest: 
  No manifest

Lockfile: 
  # THIS IS AN AUTOGENERATED FILE. DO NOT EDIT THIS FILE DIRECTLY.
  # yarn lockfile v1
  
  
  "@babel/runtime@^7.18.9", "@babel/runtime@^7.5.5", "@babel/runtime@^7.8.7":
    version "7.19.0"
    resolved "https://registry.yarnpkg.com/@babel/runtime/-/runtime-7.19.0.tgz#22b11c037b094d27a8a2504ea4dcff00f50e2259"
    integrity sha512-eR8Lo9hnDS7tqkO7NsV+mKvCmv5boaXFSZ70DnfhcgiEne8hv9oCEd36Klw74EtizEqLsy4YnW8UWwpBVolHZA==
    dependencies:
      regenerator-runtime "^0.13.4"
  
  "@emotion/cache@^11.10.3":
    version "11.10.3"
    resolved "https://registry.yarnpkg.com/@emotion/cache/-/cache-11.10.3.tgz#c4f67904fad10c945fea5165c3a5a0583c164b87"
    integrity sha512-Psmp/7ovAa8appWh3g51goxu/z3iVms7JXOreq136D8Bbn6dYraPnmL6mdM8GThEx9vwSn92Fz+mGSjBzN8UPQ==
    dependencies:
      "@emotion/memoize" "^0.8.0"
      "@emotion/sheet" "^1.2.0"
      "@emotion/utils" "^1.2.0"
      "@emotion/weak-memoize" "^0.3.0"
      stylis "4.0.13"
  
  "@emotion/is-prop-valid@^1.2.0":
    version "1.2.0"
    resolved "https://registry.yarnpkg.com/@emotion/is-prop-valid/-/is-prop-valid-1.2.0.tgz#7f2d35c97891669f7e276eb71c83376a5dc44c83"
    integrity sha512-3aDpDprjM0AwaxGE09bOPkNxHpBd+kA6jty3RnaEXdweX1DF1U3VQpPYb0g1IStAuK7SVQ1cy+bNBBKp4W3Fjg==
    dependencies:
      "@emotion/memoize" "^0.8.0"
  
  "@emotion/memoize@^0.8.0":
    version "0.8.0"
    resolved "https://registry.yarnpkg.com/@emotion/memoize/-/memoize-0.8.0.tgz#f580f9beb67176fa57aae70b08ed510e1b18980f"
    integrity sha512-G/YwXTkv7Den9mXDO7AhLWkE3q+I92B+VqAE+dYG4NGPaHZGvt3G8Q0p9vmE+sq7rTGphUbAvmQ9YpbfMQGGlA==
  
  "@emotion/sheet@^1.2.0":
    version "1.2.0"
    resolved "https://registry.yarnpkg.com/@emotion/sheet/-/sheet-1.2.0.tgz#771b1987855839e214fc1741bde43089397f7be5"
    integrity sha512-OiTkRgpxescko+M51tZsMq7Puu/KP55wMT8BgpcXVG2hqXc0Vo0mfymJ/Uj24Hp0i083ji/o0aLddh08UEjq8w==
  
  "@emotion/utils@^1.2.0":
    version "1.2.0"
    resolved "https://registry.yarnpkg.com/@emotion/utils/-/utils-1.2.0.tgz#9716eaccbc6b5ded2ea5a90d65562609aab0f561"
    integrity sha512-sn3WH53Kzpw8oQ5mgMmIzzyAaH2ZqFEbozVVBSYp538E06OSE6ytOp7pRAjNQR+Q/orwqdQYJSe2m3hCOeznkw==
  
  "@emotion/weak-memoize@^0.3.0":
    version "0.3.0"
    resolved "https://registry.yarnpkg.com/@emotion/weak-memoize/-/weak-memoize-0.3.0.tgz#ea89004119dc42db2e1dba0f97d553f7372f6fcb"
    integrity sha512-AHPmaAx+RYfZz0eYu6Gviiagpmiyw98ySSlQvCUhVGDRtDFe4DBS0x1bSjdF3gqUDYOczB+yYvBTtEylYSdRhg==
  
  "@mui/base@5.0.0-alpha.97":
    version "5.0.0-alpha.97"
    resolved "https://registry.yarnpkg.com/@mui/base/-/base-5.0.0-alpha.97.tgz#bd12db4ed3bb1dbc2879944bbdb68b559641b02a"
    integrity sha512-gvo0hOg/tBzfJ3eDQOGAPBJJU+qTWd0e5zBEMFIkT1ekJqXx14JtIHvheOFU17y9iDciYE256Q8g+tj6a1dcBA==
    dependencies:
      "@babel/runtime" "^7.18.9"
      "@emotion/is-prop-valid" "^1.2.0"
      "@mui/types" "^7.2.0"
      "@mui/utils" "^5.10.3"
      "@popperjs/core" "^2.11.6"
      clsx "^1.2.1"
      prop-types "^15.8.1"
      react-is "^18.2.0"
  
  "@mui/core-downloads-tracker@^5.10.5":
    version "5.10.5"
    resolved "https://registry.yarnpkg.com/@mui/core-downloads-tracker/-/core-downloads-tracker-5.10.5.tgz#be060b633268b124d27474e772e506bb3f39ca51"
    integrity sha512-sZYg85rQdlgDYU3V4WcT2Dl+k+y2wYqN04aUvVkFksRR0j81sj6KmfXx4842HJQcq5rjzcTvh4N+yv66XR/9fA==
  
  "@mui/icons-material@^5.10.3":
    version "5.10.3"
    resolved "https://registry.yarnpkg.com/@mui/icons-material/-/icons-material-5.10.3.tgz#33bd1d973c4727ab55d02928fc8973b7f16fff55"
    integrity sha512-o0kbUlsWCBtCE0wP33cGKbyryCh7kpm2EECYMPDmWrLhbA+HUODXIdhiTFS26szp2xXo9HY1lEx0ufeJ+tddYw==
    dependencies:
      "@babel/runtime" "^7.18.9"
  
  "@mui/material@^5.10.5":
    version "5.10.5"
    resolved "https://registry.yarnpkg.com/@mui/material/-/material-5.10.5.tgz#390f95f346e5459d8df43f5e749b2310cefba96d"
    integrity sha512-VFMadvfA6jqx5DCk2xoBl4bAGyzgmmubJIuB7fUWUZBwYIYL5Ea9SsoFpt5kawA6O2feuj69alDN2fhxPw1MeQ==
    dependencies:
      "@babel/runtime" "^7.18.9"
      "@mui/base" "5.0.0-alpha.97"
      "@mui/core-downloads-tracker" "^5.10.5"
      "@mui/system" "^5.10.5"
      "@mui/types" "^7.2.0"
      "@mui/utils" "^5.10.3"
      "@types/react-transition-group" "^4.4.5"
      clsx "^1.2.1"
      csstype "^3.1.0"
      prop-types "^15.8.1"
      react-is "^18.2.0"
      react-transition-group "^4.4.5"
  
  "@mui/private-theming@^5.10.3":
    version "5.10.3"
    resolved "https://registry.yarnpkg.com/@mui/private-theming/-/private-theming-5.10.3.tgz#7325eef3e480caaaa2d866b9057943ec4fbcb8ce"
    integrity sha512-LCYIKlkGz2BTSng2BFzzwSJBRZbChIUri2x2Nh8ryk2B1Ho7zpvE7ex6y39LlStG2Frf92NFC/V4YQbmMAjD5A==
    dependencies:
      "@babel/runtime" "^7.18.9"
      "@mui/utils" "^5.10.3"
      prop-types "^15.8.1"
  
  "@mui/styled-engine@^5.10.5":
    version "5.10.5"
    resolved "https://registry.yarnpkg.com/@mui/styled-engine/-/styled-engine-5.10.5.tgz#8ce4197e887a69119aea056320aad5812025ceb4"
    integrity sha512-6U6tTdf+H1OsjgcFoY12gYPR+qqZ1WHGGIahK5V7JhMkMUgH7ozyiNi8s1LzmwrUlAz1hAAhuO5nBYXku3wWvw==
    dependencies:
      "@babel/runtime" "^7.18.9"
      "@emotion/cache" "^11.10.3"
      csstype "^3.1.0"
      prop-types "^15.8.1"
  
  "@mui/system@^5.10.5":
    version "5.10.5"
    resolved "https://registry.yarnpkg.com/@mui/system/-/system-5.10.5.tgz#b0c8494aa9230fb3b8e33c4aee05207925519569"
    integrity sha512-GUPiDVZTKp9yH3FVeLSIw3Bqsyl7qLxtAK1ZiZmC8e+zdH7bcnZZXvWK3vPIbx35ZyhQpvAOWQFpiF9TjdA77w==
    dependencies:
      "@babel/runtime" "^7.18.9"
      "@mui/private-theming" "^5.10.3"
      "@mui/styled-engine" "^5.10.5"
      "@mui/types" "^7.2.0"
      "@mui/utils" "^5.10.3"
      clsx "^1.2.1"
      csstype "^3.1.0"
      prop-types "^15.8.1"
  
  "@mui/types@^7.2.0":
    version "7.2.0"
    resolved "https://registry.yarnpkg.com/@mui/types/-/types-7.2.0.tgz#91380c2d42420f51f404120f7a9270eadd6f5c23"
    integrity sha512-lGXtFKe5lp3UxTBGqKI1l7G8sE2xBik8qCfrLHD5olwP/YU0/ReWoWT7Lp1//ri32dK39oPMrJN8TgbkCSbsNA==
  
  "@mui/utils@^5.10.3":
    version "5.10.3"
    resolved "https://registry.yarnpkg.com/@mui/utils/-/utils-5.10.3.tgz#ce2a96f31de2a5e717f507b5383dbabbddbc4dfc"
    integrity sha512-4jXMDPfx6bpMVuheLaOpKTjpzw39ogAZLeaLj5+RJec3E37/hAZMYjURfblLfTWMMoGoqkY03mNsZaEwNobBow==
    dependencies:
      "@babel/runtime" "^7.18.9"
      "@types/prop-types" "^15.7.5"
      "@types/react-is" "^16.7.1 || ^17.0.0"
      prop-types "^15.8.1"
      react-is "^18.2.0"
  
  "@popperjs/core@^2.11.6":
    version "2.11.6"
    resolved "https://registry.yarnpkg.com/@popperjs/core/-/core-2.11.6.tgz#cee20bd55e68a1720bdab363ecf0c821ded4cd45"
    integrity sha512-50/17A98tWUfQ176raKiOGXuYpLyyVMkxxG6oylzL3BPOlA6ADGdK7EYunSa4I064xerltq9TGXs8HmOk5E+vw==
  
  "@types/prop-types@*", "@types/prop-types@^15.7.5":
    version "15.7.5"
    resolved "https://registry.yarnpkg.com/@types/prop-types/-/prop-types-15.7.5.tgz#5f19d2b85a98e9558036f6a3cacc8819420f05cf"
    integrity sha512-JCB8C6SnDoQf0cNycqd/35A7MjcnK+ZTqE7judS6o7utxUCg6imJg3QK2qzHKszlTjcj2cn+NwMB2i96ubpj7w==
  
  "@types/react-is@^16.7.1 || ^17.0.0":
    version "17.0.3"
    resolved "https://registry.yarnpkg.com/@types/react-is/-/react-is-17.0.3.tgz#2d855ba575f2fc8d17ef9861f084acc4b90a137a"
    integrity sha512-aBTIWg1emtu95bLTLx0cpkxwGW3ueZv71nE2YFBpL8k/z5czEW8yYpOo8Dp+UUAFAtKwNaOsh/ioSeQnWlZcfw==
    dependencies:
      "@types/react" "*"
  
  "@types/react-transition-group@^4.4.5":
    version "4.4.5"
    resolved "https://registry.yarnpkg.com/@types/react-transition-group/-/react-transition-group-4.4.5.tgz#aae20dcf773c5aa275d5b9f7cdbca638abc5e416"
    integrity sha512-juKD/eiSM3/xZYzjuzH6ZwpP+/lejltmiS3QEzV/vmb/Q8+HfDmxu+Baga8UEMGBqV88Nbg4l2hY/K2DkyaLLA==
    dependencies:
      "@types/react" "*"
  
  "@types/react@*":
    version "18.0.20"
    resolved "https://registry.yarnpkg.com/@types/react/-/react-18.0.20.tgz#e4c36be3a55eb5b456ecf501bd4a00fd4fd0c9ab"
    integrity sha512-MWul1teSPxujEHVwZl4a5HxQ9vVNsjTchVA+xRqv/VYGCuKGAU6UhfrTdF5aBefwD1BHUD8i/zq+O/vyCm/FrA==
    dependencies:
      "@types/prop-types" "*"
      "@types/scheduler" "*"
      csstype "^3.0.2"
  
  "@types/scheduler@*":
    version "0.16.2"
    resolved "https://registry.yarnpkg.com/@types/scheduler/-/scheduler-0.16.2.tgz#1a62f89525723dde24ba1b01b092bf5df8ad4d39"
    integrity sha512-hppQEBDmlwhFAXKJX2KnWLYu5yMfi91yazPb2l+lbJiwW+wdo1gNeRA+3RgNSO39WYX2euey41KEwnqesU2Jew==
  
  clsx@^1.2.1:
    version "1.2.1"
    resolved "https://registry.yarnpkg.com/clsx/-/clsx-1.2.1.tgz#0ddc4a20a549b59c93a4116bb26f5294ca17dc12"
    integrity sha512-EcR6r5a8bj6pu3ycsa/E/cKVGuTgZJZdsyUYHOksG/UHIiKfjxzRxYJpyVBwYaQeOvghal9fcc4PidlgzugAQg==
  
  csstype@^3.0.2, csstype@^3.1.0:
    version "3.1.1"
    resolved "https://registry.yarnpkg.com/csstype/-/csstype-3.1.1.tgz#841b532c45c758ee546a11d5bd7b7b473c8c30b9"
    integrity sha512-DJR/VvkAvSZW9bTouZue2sSxDwdTN92uHjqeKVm+0dAqdfNykRzQ95tay8aXMBAAPpUiq4Qcug2L7neoRh2Egw==
  
  dom-helpers@^5.0.1:
    version "5.2.1"
    resolved "https://registry.yarnpkg.com/dom-helpers/-/dom-helpers-5.2.1.tgz#d9400536b2bf8225ad98fe052e029451ac40e902"
    integrity sha512-nRCa7CK3VTrM2NmGkIy4cbK7IZlgBE/PYMn55rrXefr5xXDP0LdtfPnblFDoVdcAfslJ7or6iqAUnx0CCGIWQA==
    dependencies:
      "@babel/runtime" "^7.8.7"
      csstype "^3.0.2"
  
  "js-tokens@^3.0.0 || ^4.0.0":
    version "4.0.0"
    resolved "https://registry.yarnpkg.com/js-tokens/-/js-tokens-4.0.0.tgz#19203fb59991df98e3a287050d4647cdeaf32499"
    integrity sha512-RdJUflcE3cUzKiMqQgsCu06FPu9UdIJO0beYbPhHN4k6apgJtifcoCtT9bcxOpYBtpD2kCM6Sbzg4CausW/PKQ==
  
  loose-envify@^1.4.0:
    version "1.4.0"
    resolved "https://registry.yarnpkg.com/loose-envify/-/loose-envify-1.4.0.tgz#71ee51fa7be4caec1a63839f7e682d8132d30caf"
    integrity sha512-lyuxPGr/Wfhrlem2CL/UcnUc1zcqKAImBDzukY7Y5F/yQiNdko6+fRLevlw1HgMySw7f611UIY408EtxRSoK3Q==
    dependencies:
      js-tokens "^3.0.0 || ^4.0.0"
  
  object-assign@^4.1.1:
    version "4.1.1"
    resolved "https://registry.yarnpkg.com/object-assign/-/object-assign-4.1.1.tgz#2109adc7965887cfc05cbbd442cac8bfbb360863"
    integrity sha512-rJgTQnkUnH1sFw8yT6VSU3zD3sWmu6sZhIseY8VX+GRu3P6F7Fu+JNDoXfklElbLJSnc3FUQHVe4cU5hj+BcUg==
  
  prop-types@^15.6.2, prop-types@^15.8.1:
    version "15.8.1"
    resolved "https://registry.yarnpkg.com/prop-types/-/prop-types-15.8.1.tgz#67d87bf1a694f48435cf332c24af10214a3140b5"
    integrity sha512-oj87CgZICdulUohogVAR7AjlC0327U4el4L6eAvOqCeudMDVU0NThNaV+b9Df4dXgSP1gXMTnPdhfe/2qDH5cg==
    dependencies:
      loose-envify "^1.4.0"
      object-assign "^4.1.1"
      react-is "^16.13.1"
  
  react-is@^16.13.1:
    version "16.13.1"
    resolved "https://registry.yarnpkg.com/react-is/-/react-is-16.13.1.tgz#789729a4dc36de2999dc156dd6c1d9c18cea56a4"
    integrity sha512-24e6ynE2H+OKt4kqsOvNd8kBpV65zoxbA4BVsEOB3ARVWQki/DHzaUoC5KuON/BiccDaCCTZBuOcfZs70kR8bQ==
  
  react-is@^18.2.0:
    version "18.2.0"
    resolved "https://registry.yarnpkg.com/react-is/-/react-is-18.2.0.tgz#199431eeaaa2e09f86427efbb4f1473edb47609b"
    integrity sha512-xWGDIW6x921xtzPkhiULtthJHoJvBbF3q26fzloPCK0hsvxtPVelvftw3zjbHWSkR2km9Z+4uxbDDK/6Zw9B8w==
  
  react-transition-group@^4.4.5:
    version "4.4.5"
    resolved "https://registry.yarnpkg.com/react-transition-group/-/react-transition-group-4.4.5.tgz#e53d4e3f3344da8521489fbef8f2581d42becdd1"
    integrity sha512-pZcd1MCJoiKiBR2NRxeCRg13uCXbydPnmB4EOeRrY7480qNWO8IIgQG6zlDkm6uRMsURXPuKq0GWtiM59a5Q6g==
    dependencies:
      "@babel/runtime" "^7.5.5"
      dom-helpers "^5.0.1"
      loose-envify "^1.4.0"
      prop-types "^15.6.2"
  
  regenerator-runtime@^0.13.4:
    version "0.13.9"
    resolved "https://registry.yarnpkg.com/regenerator-runtime/-/regenerator-runtime-0.13.9.tgz#8925742a98ffd90814988d7566ad30ca3b263b52"
    integrity sha512-p3VT+cOEgxFsRRA9X4lkI1E+k2/CtnKtU4gcxyaCUreilL/vqI6CdZ3wxVUx3UOUg+gnUOQQcRI7BmSI656MYA==
  
  stylis@4.0.13:
    version "4.0.13"
    resolved "https://registry.yarnpkg.com/stylis/-/stylis-4.0.13.tgz#f5db332e376d13cc84ecfe5dace9a2a51d954c91"
    integrity sha512-xGPXiFVl4YED9Jh7Euv2V220mriG9u4B2TA6Ybjc1catrstKD2PpIdU3U0RKpkVBC2EhmL/F0sPCr9vrFTNRag==
